This is e-pTeX, Version 3.14159265-p3.8.2-190908-2.6 (utf8.euc) (TeX Live 2019/Debian) (preloaded format=platex 2021.11.5)  14 DEC 2021 13:30
entering extended mode
 restricted \write18 enabled.
 %&-line parsing enabled.
**/home/kitadai/git/lab/01_reports/2112/2112_2_graph/2112_2_graph
(/home/kitadai/git/lab/01_reports/2112/2112_2_graph/2112_2_graph.tex
pLaTeX2e <2020-02-02>+2 (based on LaTeX2e <2020-02-02> patch level 2)
L3 programming layer <2020-02-14> (/usr/share/texlive/texmf-dist/tex/platex/jsclasses/jsarticle.cls
Document Class: jsarticle 2020/02/02 jsclasses (okumura, texjporg)
\jsc@mpt=\dimen150
\jsc@mmm=\dimen151
\jsc@smallskipamount=\skip47
LaTeX Info: Redefining \textmc on input line 496.
LaTeX Info: Redefining \textgt on input line 498.
\symmincho=\mathgroup4
LaTeX Font Info:    Overwriting symbol font `mincho' in version `bold'
(Font)                  JY1/mc/m/n --> JY1/gt/m/n on input line 560.
LaTeX Font Info:    Font shape `JT1/mc/m/n' will be
(Font)              scaled to size 9.60999pt on input line 751.
LaTeX Font Info:    Font shape `JY1/mc/m/n' will be
(Font)              scaled to size 9.60999pt on input line 751.
\fullwidth=\dimen152
LaTeX Font Info:    Font shape `JT1/mc/m/n' will be
(Font)              scaled to size 7.68799pt on input line 904.
LaTeX Font Info:    Font shape `JY1/mc/m/n' will be
(Font)              scaled to size 7.68799pt on input line 904.
\c@part=\count166
\c@section=\count167
\c@subsection=\count168
\c@subsubsection=\count169
\c@paragraph=\count170
\c@subparagraph=\count171
\@abstractbox=\box61
\c@figure=\count172
\c@table=\count173
\abovecaptionskip=\skip48
\belowcaptionskip=\skip49
\jsc@tocl@width=\dimen153
\@lnumwidth=\dimen154
\bibindent=\dimen155
(/usr/share/texlive/texmf-dist/tex/platex/jsclasses/jslogo.sty
Package: jslogo 2019/07/25 okumura, texjporg
LaTeX Info: Redefining \TeX on input line 94.
LaTeX Info: Redefining \LaTeX on input line 147.
LaTeX Info: Redefining \LaTeXe on input line 200.
)
\heisei=\count174
) (/usr/share/texlive/texmf-dist/tex/latex/geometry/geometry.sty
Package: geometry 2020/01/02 v5.9 Page Geometry
 (/usr/share/texlive/texmf-dist/tex/latex/graphics/keyval.sty
Package: keyval 2014/10/28 v1.15 key=value parser (DPC)
\KV@toks@=\toks15
) (/usr/share/texlive/texmf-dist/tex/generic/iftex/ifvtex.sty
Package: ifvtex 2019/10/25 v1.7 ifvtex legacy package. Use iftex instead.
 (/usr/share/texlive/texmf-dist/tex/generic/iftex/iftex.sty
Package: iftex 2019/11/07 v1.0c TeX engine tests
))
\Gm@cnth=\count175
\Gm@cntv=\count176
\c@Gm@tempcnt=\count177
\Gm@bindingoffset=\dimen156
\Gm@wd@mp=\dimen157
\Gm@odd@mp=\dimen158
\Gm@even@mp=\dimen159
\Gm@layoutwidth=\dimen160
\Gm@layoutheight=\dimen161
\Gm@layouthoffset=\dimen162
\Gm@layoutvoffset=\dimen163
\Gm@dimlist=\toks16
) (/usr/share/texlive/texmf-dist/tex/latex/base/inputenc.sty
Package: inputenc 2018/08/11 v1.3c Input encoding file
\inpenc@prehook=\toks17
\inpenc@posthook=\toks18
 (/usr/share/texlive/texmf-dist/tex/latex/base/latin1.def
File: latin1.def 2018/08/11 v1.3c Input encoding file
)) (/usr/share/texlive/texmf-dist/tex/latex/amsmath/amsmath.sty
Package: amsmath 2020/01/20 v2.17e AMS math features
\@mathmargin=\skip50

For additional information on amsmath, use the `?' option.
(/usr/share/texlive/texmf-dist/tex/latex/amsmath/amstext.sty
Package: amstext 2000/06/29 v2.01 AMS text
 (/usr/share/texlive/texmf-dist/tex/latex/amsmath/amsgen.sty
File: amsgen.sty 1999/11/30 v2.0 generic functions
\@emptytoks=\toks19
\ex@=\dimen164
)) (/usr/share/texlive/texmf-dist/tex/latex/amsmath/amsbsy.sty
Package: amsbsy 1999/11/29 v1.2d Bold Symbols
\pmbraise@=\dimen165
) (/usr/share/texlive/texmf-dist/tex/latex/amsmath/amsopn.sty
Package: amsopn 2016/03/08 v2.02 operator names
)
\inf@bad=\count178
LaTeX Info: Redefining \frac on input line 227.
\uproot@=\count179
\leftroot@=\count180
LaTeX Info: Redefining \overline on input line 389.
\classnum@=\count181
\DOTSCASE@=\count182
LaTeX Info: Redefining \ldots on input line 486.
LaTeX Info: Redefining \dots on input line 489.
LaTeX Info: Redefining \cdots on input line 610.
\Mathstrutbox@=\box62
\strutbox@=\box63
\big@size=\dimen166
LaTeX Font Info:    Redeclaring font encoding OML on input line 733.
LaTeX Font Info:    Redeclaring font encoding OMS on input line 734.
\macc@depth=\count183
\c@MaxMatrixCols=\count184
\dotsspace@=\muskip16
\c@parentequation=\count185
\dspbrk@lvl=\count186
\tag@help=\toks20
\row@=\count187
\column@=\count188
\maxfields@=\count189
\andhelp@=\toks21
\eqnshift@=\dimen167
\alignsep@=\dimen168
\tagshift@=\dimen169
\tagwidth@=\dimen170
\totwidth@=\dimen171
\lineht@=\dimen172
\@envbody=\toks22
\multlinegap=\skip51
\multlinetaggap=\skip52
\mathdisplay@stack=\toks23
LaTeX Info: Redefining \[ on input line 2859.
LaTeX Info: Redefining \] on input line 2860.
) (/usr/share/texlive/texmf-dist/tex/latex/amsfonts/amsfonts.sty
Package: amsfonts 2013/01/14 v3.01 Basic AMSFonts support
\symAMSa=\mathgroup5
\symAMSb=\mathgroup6
LaTeX Font Info:    Redeclaring math symbol \hbar on input line 98.
LaTeX Font Info:    Overwriting math alphabet `\mathfrak' in version `bold'
(Font)                  U/euf/m/n --> U/euf/b/n on input line 106.
) (/usr/share/texlive/texmf-dist/tex/latex/amsfonts/amssymb.sty
Package: amssymb 2013/01/14 v3.01 AMS font symbols
) (/usr/share/texlive/texmf-dist/tex/latex/graphics/graphicx.sty
Package: graphicx 2019/11/30 v1.2a Enhanced LaTeX Graphics (DPC,SPQR)
 (/usr/share/texlive/texmf-dist/tex/latex/graphics/graphics.sty
Package: graphics 2019/11/30 v1.4a Standard LaTeX Graphics (DPC,SPQR)
 (/usr/share/texlive/texmf-dist/tex/latex/graphics/trig.sty
Package: trig 2016/01/03 v1.10 sin cos tan (DPC)
) (/usr/share/texlive/texmf-dist/tex/latex/graphics-cfg/graphics.cfg
File: graphics.cfg 2016/06/04 v1.11 sample graphics configuration
)
Package graphics Info: Driver file: dvipdfmx.def on input line 105.
 (/usr/share/texlive/texmf-dist/tex/latex/graphics-def/dvipdfmx.def
File: dvipdfmx.def 2017/06/24 v5.0g Graphics/color driver for dvipdfmx
))
\Gin@req@height=\dimen173
\Gin@req@width=\dimen174
) (/usr/share/texlive/texmf-dist/tex/latex/graphics/color.sty
Package: color 2019/11/23 v1.2a Standard LaTeX Color (DPC)
 (/usr/share/texlive/texmf-dist/tex/latex/graphics-cfg/color.cfg
File: color.cfg 2016/01/02 v1.6 sample color configuration
)
Package color Info: Driver file: dvipdfmx.def on input line 147.
 (/usr/share/texlive/texmf-dist/tex/latex/graphics/dvipsnam.def
File: dvipsnam.def 2016/06/17 v3.0m Driver-dependent file (DPC,SPQR)
)) (/usr/share/texlive/texmf-dist/tex/latex/listings/listings.sty
\lst@mode=\count190
\lst@gtempboxa=\box64
\lst@token=\toks24
\lst@length=\count191
\lst@currlwidth=\dimen175
\lst@column=\count192
\lst@pos=\count193
\lst@lostspace=\dimen176
\lst@width=\dimen177
\lst@newlines=\count194
\lst@lineno=\count195
\lst@maxwidth=\dimen178
 (/usr/share/texlive/texmf-dist/tex/latex/listings/lstmisc.sty
File: lstmisc.sty 2019/09/10 1.8c (Carsten Heinz)
\c@lstnumber=\count196
\lst@skipnumbers=\count197
\lst@framebox=\box65
) (/usr/share/texlive/texmf-dist/tex/latex/listings/listings.cfg
File: listings.cfg 2019/09/10 1.8c listings configuration
))
Package: listings 2019/09/10 1.8c (Carsten Heinz)
 (/usr/share/texlive/texmf-dist/tex/latex/jvlisting/jvlisting.sty
Package: jvlisting 2011/11/17 v0.7 Formatted Program Listings
\jvl@idt=\count198
\jvl@tmphyphenchar=\count199
\jvl@fileinput=\read2
\listingskipamount=\skip53
\listingindent=\dimen179
\prelistingpenalty=\count266
\listingpenalty=\count267
\postlistingpenalty=\count268
) (/usr/share/texlive/texmf-dist/tex/latex/framed/framed.sty
Package: framed 2011/10/22 v 0.96: framed or shaded text with page breaks
\OuterFrameSep=\skip54
\fb@frw=\dimen180
\fb@frh=\dimen181
\FrameRule=\dimen182
\FrameSep=\dimen183
) (/usr/share/texlive/texmf-dist/tex/latex/hyperref/hyperref.sty
Package: hyperref 2020/01/14 v7.00d Hypertext links for LaTeX
 (/usr/share/texlive/texmf-dist/tex/generic/ltxcmds/ltxcmds.sty
Package: ltxcmds 2019/12/15 v1.24 LaTeX kernel commands for general use (HO)
) (/usr/share/texlive/texmf-dist/tex/latex/pdftexcmds/pdftexcmds.sty
Package: pdftexcmds 2019/11/24 v0.31 Utility functions of pdfTeX for LuaTeX (HO)
 (/usr/share/texlive/texmf-dist/tex/generic/infwarerr/infwarerr.sty
Package: infwarerr 2019/12/03 v1.5 Providing info/warning/error messages (HO)
)
Package pdftexcmds Info: \pdf@primitive is available.
Package pdftexcmds Info: \pdf@ifprimitive is available.
Package pdftexcmds Info: \pdfdraftmode not found.
) (/usr/share/texlive/texmf-dist/tex/generic/kvsetkeys/kvsetkeys.sty
Package: kvsetkeys 2019/12/15 v1.18 Key value parser (HO)
) (/usr/share/texlive/texmf-dist/tex/generic/kvdefinekeys/kvdefinekeys.sty
Package: kvdefinekeys 2019-12-19 v1.6 Define keys (HO)
) (/usr/share/texlive/texmf-dist/tex/generic/pdfescape/pdfescape.sty
Package: pdfescape 2019/12/09 v1.15 Implements pdfTeX's escape features (HO)
) (/usr/share/texlive/texmf-dist/tex/latex/hycolor/hycolor.sty
Package: hycolor 2020-01-27 v1.10 Color options for hyperref/bookmark (HO)
) (/usr/share/texlive/texmf-dist/tex/latex/letltxmacro/letltxmacro.sty
Package: letltxmacro 2019/12/03 v1.6 Let assignment for LaTeX macros (HO)
) (/usr/share/texlive/texmf-dist/tex/latex/auxhook/auxhook.sty
Package: auxhook 2019-12-17 v1.6 Hooks for auxiliary files (HO)
) (/usr/share/texlive/texmf-dist/tex/latex/kvoptions/kvoptions.sty
Package: kvoptions 2019/11/29 v3.13 Key value format for package options (HO)
)
\@linkdim=\dimen184
\Hy@linkcounter=\count269
\Hy@pagecounter=\count270
 (/usr/share/texlive/texmf-dist/tex/latex/hyperref/pd1enc.def
File: pd1enc.def 2020/01/14 v7.00d Hyperref: PDFDocEncoding definition (HO)
Now handling font encoding PD1 ...
... no UTF-8 mapping file for font encoding PD1
) (/usr/share/texlive/texmf-dist/tex/generic/intcalc/intcalc.sty
Package: intcalc 2019/12/15 v1.3 Expandable calculations with integers (HO)
) (/usr/share/texlive/texmf-dist/tex/generic/etexcmds/etexcmds.sty
Package: etexcmds 2019/12/15 v1.7 Avoid name clashes with e-TeX commands (HO)
)
\Hy@SavedSpaceFactor=\count271
Package hyperref Info: Hyper figures OFF on input line 4547.
Package hyperref Info: Link nesting OFF on input line 4552.
Package hyperref Info: Hyper index ON on input line 4555.
Package hyperref Info: Plain pages OFF on input line 4562.
Package hyperref Info: Backreferencing OFF on input line 4567.
Package hyperref Info: Implicit mode ON; LaTeX internals redefined.
Package hyperref Info: Bookmarks ON on input line 4800.
\c@Hy@tempcnt=\count272
 (/usr/share/texlive/texmf-dist/tex/latex/url/url.sty
\Urlmuskip=\muskip17
Package: url 2013/09/16  ver 3.4  Verb mode for urls, etc.
)
LaTeX Info: Redefining \url on input line 5159.
\XeTeXLinkMargin=\dimen185
 (/usr/share/texlive/texmf-dist/tex/generic/bitset/bitset.sty
Package: bitset 2019/12/09 v1.3 Handle bit-vector datatype (HO)
 (/usr/share/texlive/texmf-dist/tex/generic/bigintcalc/bigintcalc.sty
Package: bigintcalc 2019/12/15 v1.5 Expandable calculations on big integers (HO)
))
\Fld@menulength=\count273
\Field@Width=\dimen186
\Fld@charsize=\dimen187
Package hyperref Info: Hyper figures OFF on input line 6430.
Package hyperref Info: Link nesting OFF on input line 6435.
Package hyperref Info: Hyper index ON on input line 6438.
Package hyperref Info: backreferencing OFF on input line 6445.
Package hyperref Info: Link coloring OFF on input line 6450.
Package hyperref Info: Link coloring with OCG OFF on input line 6455.
Package hyperref Info: PDF/A mode OFF on input line 6460.
LaTeX Info: Redefining \ref on input line 6500.
LaTeX Info: Redefining \pageref on input line 6504.
 (/usr/share/texlive/texmf-dist/tex/generic/atbegshi/atbegshi.sty
Package: atbegshi 2019/12/05 v1.19 At begin shipout hook (HO)
)
\Hy@abspage=\count274
\c@Item=\count275
\c@Hfootnote=\count276
)
Package hyperref Info: Driver: hdvipdfm.
 (/usr/share/texlive/texmf-dist/tex/latex/hyperref/hdvipdfm.def
File: hdvipdfm.def 2020/01/14 v7.00d Hyperref driver for dvipdfm
\pdfm@box=\box66
\c@Hy@AnnotLevel=\count277
\HyField@AnnotCount=\count278
\Fld@listcount=\count279
\c@bookmark@seq@number=\count280
 (/usr/share/texlive/texmf-dist/tex/latex/rerunfilecheck/rerunfilecheck.sty
Package: rerunfilecheck 2019/12/05 v1.9 Rerun checks for auxiliary files (HO)
 (/usr/share/texlive/texmf-dist/tex/latex/atveryend/atveryend.sty
Package: atveryend 2019-12-11 v1.11 Hooks at the very end of document (HO)
Package atveryend Info: \enddocument detected (standard20110627).
) (/usr/share/texlive/texmf-dist/tex/generic/uniquecounter/uniquecounter.sty
Package: uniquecounter 2019/12/15 v1.4 Provide unlimited unique counter (HO)
)
Package uniquecounter Info: New unique counter `rerunfilecheck' on input line 286.
)
\Hy@SectionHShift=\skip55
) (/usr/share/texlive/texmf-dist/tex/latex/ascmac/ascmac.sty
Package: ascmac 2020/01/15 v2.1 ascmac wrapper (community edition) 
 (/usr/share/texlive/texmf-dist/tex/latex/ascmac/tascmac.sty
Package: tascmac 2020/01/15 v2.1 ascmac package (community edition) 
\@savetbaselineshift=\dimen188
\@saveybaselineshift=\dimen189
\scb@x=\box67
\scscb@x=\box68
\@bw=\dimen190
\@nbox=\box69
\@nbody=\box70
\@scw=\dimen191
\ascmac@hoboxa=\box71
\ascmac@hoboxb=\box72
\@itemh=\dimen192
\@iboxpos=\toks25
\@iboxstr=\box73
\@bwsp=\box74
\@@bwsp=\box75
\@bcal=\count281
\shaderule=\dimen193
)) (/usr/share/texlive/texmf-dist/tex/latex/tools/enumerate.sty
Package: enumerate 2015/07/23 v3.00 enumerate extensions (DPC)
\@enLab=\toks26
) (/usr/share/texlive/texmf-dist/tex/latex/tools/tabularx.sty
Package: tabularx 2020/01/15 v2.11c `tabularx' package (DPC)
 (/usr/share/texlive/texmf-dist/tex/latex/tools/array.sty
Package: array 2019/08/31 v2.4l Tabular extension package (FMi)
\col@sep=\dimen194
\ar@mcellbox=\box76
\extrarowheight=\dimen195
\NC@list=\toks27
\extratabsurround=\skip56
\backup@length=\skip57
\ar@cellbox=\box77
)
\TX@col@width=\dimen196
\TX@old@table=\dimen197
\TX@old@col=\dimen198
\TX@target=\dimen199
\TX@delta=\dimen256
\TX@cols=\count282
\TX@ftn=\toks28
) (/usr/share/texlive/texmf-dist/tex/latex/cancel/cancel.sty
Package: cancel 2013/04/12 v2.2 Cancel math terms
) (/usr/share/texlive/texmf-dist/tex/latex/carlisle/scalefnt.sty) (/usr/share/texlive/texmf-dist/tex/latex/l3backend/l3backend-dvips.def
File: l3backend-dvips.def 2020-02-03 L3 backend support: dvips
\l__pdf_internal_box=\box78
\g__pdf_backend_object_int=\count283
\l__pdf_backend_content_box=\box79
\l__pdf_backend_model_box=\box80
\g__pdf_backend_annotation_int=\count284
\g__pdf_backend_link_int=\count285
\g__pdf_backend_link_sf_int=\count286
) (./2112_2_graph.aux)
\openout1 = `2112_2_graph.aux'.

LaTeX Font Info:    Checking defaults for OML/cmm/m/it on input line 67.
LaTeX Font Info:    ... okay on input line 67.
LaTeX Font Info:    Checking defaults for OMS/cmsy/m/n on input line 67.
LaTeX Font Info:    ... okay on input line 67.
LaTeX Font Info:    Checking defaults for OT1/cmr/m/n on input line 67.
LaTeX Font Info:    ... okay on input line 67.
LaTeX Font Info:    Checking defaults for T1/cmr/m/n on input line 67.
LaTeX Font Info:    ... okay on input line 67.
LaTeX Font Info:    Checking defaults for TS1/cmr/m/n on input line 67.
LaTeX Font Info:    ... okay on input line 67.
LaTeX Font Info:    Checking defaults for OMX/cmex/m/n on input line 67.
LaTeX Font Info:    ... okay on input line 67.
LaTeX Font Info:    Checking defaults for U/cmr/m/n on input line 67.
LaTeX Font Info:    ... okay on input line 67.
LaTeX Font Info:    Checking defaults for JY1/mc/m/n on input line 67.
LaTeX Font Info:    ... okay on input line 67.
LaTeX Font Info:    Checking defaults for JT1/mc/m/n on input line 67.
LaTeX Font Info:    ... okay on input line 67.
LaTeX Font Info:    Checking defaults for PD1/pdf/m/n on input line 67.
LaTeX Font Info:    ... okay on input line 67.

*geometry* driver: auto-detecting
*geometry* detected driver: dvips
*geometry* verbose mode - [ preamble ] result:
* driver: dvips
* paper: <default>
* layout: <same size as paper>
* layoutoffset:(h,v)=(0.0pt,0.0pt)
* modes: 
* h-part:(L,W,R)=(42.67912pt, 512.14963pt, 42.67912pt)
* v-part:(T,H,B)=(42.67912pt, 731.23584pt, 71.13188pt)
* \paperwidth=597.50787pt
* \paperheight=845.04684pt
* \textwidth=512.14963pt
* \textheight=731.23584pt
* \oddsidemargin=-29.59087pt
* \evensidemargin=-29.59087pt
* \topmargin=-65.28806pt
* \headheight=20.0pt
* \headsep=15.69719pt
* \topskip=12.76073pt
* \footskip=28.45792pt
* \marginparwidth=27.74062pt
* \marginparsep=18.49374pt
* \columnsep=18.49374pt
* \skip\footins=16.0pt plus 5.0pt minus 2.0pt
* \hoffset=0.0pt
* \voffset=0.0pt
* \mag=1000
* \@twocolumntrue
* \@twosidefalse
* \@mparswitchfalse
* \@reversemarginfalse
* (1in=72.27pt=25.4mm, 1cm=28.453pt)

\c@lstlisting=\count287
\AtBeginShipoutBox=\box81
Package hyperref Info: Link coloring OFF on input line 67.
(/usr/share/texlive/texmf-dist/tex/latex/hyperref/nameref.sty
Package: nameref 2019/09/16 v2.46 Cross-referencing by name of section
 (/usr/share/texlive/texmf-dist/tex/latex/refcount/refcount.sty
Package: refcount 2019/12/15 v3.6 Data extraction from label references (HO)
) (/usr/share/texlive/texmf-dist/tex/generic/gettitlestring/gettitlestring.sty
Package: gettitlestring 2019/12/15 v1.6 Cleanup title references (HO)
)
\c@section@level=\count288
)
LaTeX Info: Redefining \ref on input line 67.
LaTeX Info: Redefining \pageref on input line 67.
LaTeX Info: Redefining \nameref on input line 67.
 (./2112_2_graph.out) (./2112_2_graph.out)
\@outlinefile=\write3
\openout3 = `2112_2_graph.out'.

LaTeX Font Info:    Font shape `JT1/mc/m/n' will be
(Font)              scaled to size 16.60605pt on input line 71.
LaTeX Font Info:    Font shape `JY1/mc/m/n' will be
(Font)              scaled to size 16.60605pt on input line 71.
LaTeX Font Info:    Font shape `JT1/mc/m/n' will be
(Font)              scaled to size 11.53198pt on input line 71.
LaTeX Font Info:    Font shape `JY1/mc/m/n' will be
(Font)              scaled to size 11.53198pt on input line 71.
LaTeX Font Info:    Font shape `JT1/gt/m/n' will be
(Font)              scaled to size 11.53198pt on input line 71.
LaTeX Font Info:    Font shape `JY1/gt/m/n' will be
(Font)              scaled to size 11.53198pt on input line 71.
LaTeX Font Info:    Font shape `JT1/gt/m/n' will be
(Font)              scaled to size 9.60999pt on input line 72.
LaTeX Font Info:    Font shape `JY1/gt/m/n' will be
(Font)              scaled to size 9.60999pt on input line 72.
File: ../images/reverse/0_loadcell.png Graphic file (type bmp)
<../images/reverse/0_loadcell.png>

Overfull \hbox (3.5563pt too wide) in paragraph at lines 76--77
 [] 
 []

LaTeX Font Info:    Font shape `JT1/mc/m/n' will be
(Font)              scaled to size 8.64899pt on input line 77.
LaTeX Font Info:    Font shape `JY1/mc/m/n' will be
(Font)              scaled to size 8.64899pt on input line 77.
File: ../images/reverse/0_strainsensor.png Graphic file (type bmp)
<../images/reverse/0_strainsensor.png>

Overfull \hbox (3.5563pt too wide) in paragraph at lines 78--79
 [][] 
 []

File: ../images/reverse/15_loadcell.png Graphic file (type bmp)
<../images/reverse/15_loadcell.png>

Overfull \hbox (3.5563pt too wide) in paragraph at lines 88--89
 [] 
 []

File: ../images/reverse/15_strainsensor.png Graphic file (type bmp)
<../images/reverse/15_strainsensor.png>

Overfull \hbox (3.5563pt too wide) in paragraph at lines 90--91
 [][] 
 []

[1


]
File: ../images/reverse/30_loadcell.png Graphic file (type bmp)
<../images/reverse/30_loadcell.png>

Overfull \hbox (3.5563pt too wide) in paragraph at lines 100--101
 [] 
 []

File: ../images/reverse/30_strainsensor.png Graphic file (type bmp)
<../images/reverse/30_strainsensor.png>

Overfull \hbox (3.5563pt too wide) in paragraph at lines 102--103
 [][] 
 []

File: ../images/reverse/45_loadcell.png Graphic file (type bmp)
<../images/reverse/45_loadcell.png>

Overfull \hbox (3.5563pt too wide) in paragraph at lines 112--113
 [] 
 []

File: ../images/reverse/45_strainsensor.png Graphic file (type bmp)
<../images/reverse/45_strainsensor.png>

Overfull \hbox (3.5563pt too wide) in paragraph at lines 114--115
 [][] 
 []

[2]
File: ../images/reverse/60_loadcell.png Graphic file (type bmp)
<../images/reverse/60_loadcell.png>

Overfull \hbox (3.5563pt too wide) in paragraph at lines 124--125
 [] 
 []

File: ../images/reverse/60_strainsensor.png Graphic file (type bmp)
<../images/reverse/60_strainsensor.png>

Overfull \hbox (3.5563pt too wide) in paragraph at lines 126--127
 [][] 
 []

File: ../images/reverse/75_loadcell.png Graphic file (type bmp)
<../images/reverse/75_loadcell.png>

Overfull \hbox (3.5563pt too wide) in paragraph at lines 136--137
 [] 
 []

File: ../images/reverse/75_strainsensor.png Graphic file (type bmp)
<../images/reverse/75_strainsensor.png>

Overfull \hbox (3.5563pt too wide) in paragraph at lines 138--139
 [][] 
 []

[3]
File: ../images/reverse/90_loadcell.png Graphic file (type bmp)
<../images/reverse/90_loadcell.png>

Overfull \hbox (3.5563pt too wide) in paragraph at lines 148--149
 [] 
 []

File: ../images/reverse/90_strainsensor.png Graphic file (type bmp)
<../images/reverse/90_strainsensor.png>

Overfull \hbox (3.5563pt too wide) in paragraph at lines 150--151
 [][] 
 []

File: ../images/drift/0_loadcell_drift.png Graphic file (type bmp)
<../images/drift/0_loadcell_drift.png>

Overfull \hbox (3.5563pt too wide) in paragraph at lines 161--162
 [] 
 []

File: ../images/drift/0_drag_drift.png Graphic file (type bmp)
<../images/drift/0_drag_drift.png>

Overfull \hbox (3.5563pt too wide) in paragraph at lines 163--164
 [][] 
 []

File: ../images/drift/0_lift_drift.png Graphic file (type bmp)
<../images/drift/0_lift_drift.png>

Overfull \hbox (3.5563pt too wide) in paragraph at lines 165--166
 [][] 
 []

[4]
File: ../images/drift/30_loadcell_drift.png Graphic file (type bmp)
<../images/drift/30_loadcell_drift.png>

Overfull \hbox (3.5563pt too wide) in paragraph at lines 175--176
 [] 
 []

File: ../images/drift/30_drag_drift.png Graphic file (type bmp)
<../images/drift/30_drag_drift.png>

Overfull \hbox (3.5563pt too wide) in paragraph at lines 177--178
 [][] 
 []

File: ../images/drift/30_lift_drift.png Graphic file (type bmp)
<../images/drift/30_lift_drift.png>

Overfull \hbox (3.5563pt too wide) in paragraph at lines 179--180
 [][] 
 []

File: ../images/drift/45_loadcell_drift.png Graphic file (type bmp)
<../images/drift/45_loadcell_drift.png>

Overfull \hbox (3.5563pt too wide) in paragraph at lines 189--190
 [] 
 []

File: ../images/drift/45_drag_drift.png Graphic file (type bmp)
<../images/drift/45_drag_drift.png>

Overfull \hbox (3.5563pt too wide) in paragraph at lines 191--192
 [][] 
 []

File: ../images/drift/45_lift_drift.png Graphic file (type bmp)
<../images/drift/45_lift_drift.png>

Overfull \hbox (3.5563pt too wide) in paragraph at lines 193--194
 [][] 
 []

[5]
File: ../images/drift/60_loadcell_drift.png Graphic file (type bmp)
<../images/drift/60_loadcell_drift.png>

Overfull \hbox (3.5563pt too wide) in paragraph at lines 203--204
 [] 
 []

File: ../images/drift/60_drag_drift.png Graphic file (type bmp)
<../images/drift/60_drag_drift.png>

Overfull \hbox (3.5563pt too wide) in paragraph at lines 205--206
 [][] 
 []

File: ../images/drift/60_lift_drift.png Graphic file (type bmp)
<../images/drift/60_lift_drift.png>

Overfull \hbox (3.5563pt too wide) in paragraph at lines 207--208
 [][] 
 []

File: ../images/drift/75_loadcell_drift.png Graphic file (type bmp)
<../images/drift/75_loadcell_drift.png>

Overfull \hbox (3.5563pt too wide) in paragraph at lines 217--218
 [] 
 []

File: ../images/drift/75_drag_drift.png Graphic file (type bmp)
<../images/drift/75_drag_drift.png>

Overfull \hbox (3.5563pt too wide) in paragraph at lines 219--220
 [][] 
 []

File: ../images/drift/75_lift_drift.png Graphic file (type bmp)
<../images/drift/75_lift_drift.png>

Overfull \hbox (3.5563pt too wide) in paragraph at lines 221--222
 [][] 
 []

[6]
File: ../images/drift/90_loadcell_drift.png Graphic file (type bmp)
<../images/drift/90_loadcell_drift.png>

Overfull \hbox (3.5563pt too wide) in paragraph at lines 231--232
 [] 
 []

File: ../images/drift/90_drag_drift.png Graphic file (type bmp)
<../images/drift/90_drag_drift.png>

Overfull \hbox (3.5563pt too wide) in paragraph at lines 233--234
 [][] 
 []

File: ../images/drift/90_lift_drift.png Graphic file (type bmp)
<../images/drift/90_lift_drift.png>

Overfull \hbox (3.5563pt too wide) in paragraph at lines 235--236
 [][] 
 []

File: ../images/average/0_loadcell_average.png Graphic file (type bmp)
<../images/average/0_loadcell_average.png>

Overfull \hbox (3.5563pt too wide) in paragraph at lines 246--247
 [] 
 []

File: ../images/average/0_drag_average.png Graphic file (type bmp)
<../images/average/0_drag_average.png>

Overfull \hbox (3.5563pt too wide) in paragraph at lines 248--249
 [][] 
 []

File: ../images/average/0_lift_average.png Graphic file (type bmp)
<../images/average/0_lift_average.png>

Overfull \hbox (3.5563pt too wide) in paragraph at lines 250--251
 [][] 
 []

[7]
File: ../images/average/30_loadcell_average.png Graphic file (type bmp)
<../images/average/30_loadcell_average.png>

Overfull \hbox (3.5563pt too wide) in paragraph at lines 260--261
 [] 
 []

File: ../images/average/30_drag_average.png Graphic file (type bmp)
<../images/average/30_drag_average.png>

Overfull \hbox (3.5563pt too wide) in paragraph at lines 262--263
 [][] 
 []

File: ../images/average/30_lift_average.png Graphic file (type bmp)
<../images/average/30_lift_average.png>

Overfull \hbox (3.5563pt too wide) in paragraph at lines 264--265
 [][] 
 []

File: ../images/average/45_loadcell_average.png Graphic file (type bmp)
<../images/average/45_loadcell_average.png>

Overfull \hbox (3.5563pt too wide) in paragraph at lines 274--275
 [] 
 []

File: ../images/average/45_drag_average.png Graphic file (type bmp)
<../images/average/45_drag_average.png>

Overfull \hbox (3.5563pt too wide) in paragraph at lines 276--277
 [][] 
 []

File: ../images/average/45_lift_average.png Graphic file (type bmp)
<../images/average/45_lift_average.png>

Overfull \hbox (3.5563pt too wide) in paragraph at lines 278--279
 [][] 
 []

[8]
File: ../images/average/60_loadcell_average.png Graphic file (type bmp)
<../images/average/60_loadcell_average.png>

Overfull \hbox (3.5563pt too wide) in paragraph at lines 288--289
 [] 
 []

File: ../images/average/60_drag_average.png Graphic file (type bmp)
<../images/average/60_drag_average.png>

Overfull \hbox (3.5563pt too wide) in paragraph at lines 290--291
 [][] 
 []

File: ../images/average/60_lift_average.png Graphic file (type bmp)
<../images/average/60_lift_average.png>

Overfull \hbox (3.5563pt too wide) in paragraph at lines 292--293
 [][] 
 []

File: ../images/average/75_loadcell_average.png Graphic file (type bmp)
<../images/average/75_loadcell_average.png>

Overfull \hbox (3.5563pt too wide) in paragraph at lines 302--303
 [] 
 []

File: ../images/average/75_drag_average.png Graphic file (type bmp)
<../images/average/75_drag_average.png>

Overfull \hbox (3.5563pt too wide) in paragraph at lines 304--305
 [][] 
 []

File: ../images/average/75_lift_average.png Graphic file (type bmp)
<../images/average/75_lift_average.png>

Overfull \hbox (3.5563pt too wide) in paragraph at lines 306--307
 [][] 
 []

[9]
File: ../images/average/90_loadcell_average.png Graphic file (type bmp)
<../images/average/90_loadcell_average.png>

Overfull \hbox (3.5563pt too wide) in paragraph at lines 316--317
 [] 
 []

File: ../images/average/90_drag_average.png Graphic file (type bmp)
<../images/average/90_drag_average.png>

Overfull \hbox (3.5563pt too wide) in paragraph at lines 318--319
 [][] 
 []

File: ../images/average/90_lift_average.png Graphic file (type bmp)
<../images/average/90_lift_average.png>

Overfull \hbox (3.5563pt too wide) in paragraph at lines 320--321
 [][] 
 []

Package atveryend Info: Empty hook `BeforeClearDocument' on input line 325.
[10

]
Package atveryend Info: Empty hook `AfterLastShipout' on input line 325.
 (./2112_2_graph.aux)
Package atveryend Info: Empty hook `AtVeryEndDocument' on input line 325.
Package atveryend Info: Executing hook `AtEndAfterFileList' on input line 325.
Package rerunfilecheck Info: File `2112_2_graph.out' has not changed.
(rerunfilecheck)             Checksum: 77E33610C8D11213DE960F3D1B4AD22B;1191.
Package atveryend Info: Empty hook `AtVeryVeryEnd' on input line 325.
 ) 
Here is how much of TeX's memory you used:
 8548 strings out of 481768
 128163 string characters out of 5933620
 400716 words of memory out of 5000000
 23765 multiletter control sequences out of 15000+600000
 540079 words of font info for 62 fonts, out of 8000000 for 9000
 934 hyphenation exceptions out of 8191
 34i,5n,36p,282b,440s stack positions out of 5000i,500n,10000p,200000b,80000s

Output written on 2112_2_graph.dvi (10 pages, 20048 bytes).
