This is e-pTeX, Version 3.14159265-p3.8.2-190908-2.6 (utf8.euc) (TeX Live 2019/Debian) (preloaded format=platex 2021.12.14)  2 FEB 2022 11:45
entering extended mode
 restricted \write18 enabled.
 %&-line parsing enabled.
**/home/masatsugu/git/lab/01_reports/graduation_thesis/0_Master
(/home/masatsugu/git/lab/01_reports/graduation_thesis/0_Master.tex
pLaTeX2e <2020-02-02>+2 (based on LaTeX2e <2020-02-02> patch level 2)
L3 programming layer <2020-02-14> (./jsarticle_measlab_3.cls
Document Class: jsarticle_measlab_3 2015/01/27 tani update
(/usr/share/texlive/texmf-dist/tex/platex/jsclasses/jsarticle.cls
Document Class: jsarticle 2020/02/02 jsclasses (okumura, texjporg)
\jsc@mpt=\dimen150
\jsc@mmm=\dimen151
\jsc@smallskipamount=\skip47
LaTeX Info: Redefining \textmc on input line 496.
LaTeX Info: Redefining \textgt on input line 498.
\symmincho=\mathgroup4
LaTeX Font Info:    Overwriting symbol font `mincho' in version `bold'
(Font)                  JY1/mc/m/n --> JY1/gt/m/n on input line 560.
LaTeX Font Info:    Font shape `JT1/mc/m/n' will be
(Font)              scaled to size 9.60999pt on input line 751.
LaTeX Font Info:    Font shape `JY1/mc/m/n' will be
(Font)              scaled to size 9.60999pt on input line 751.
\fullwidth=\dimen152
LaTeX Font Info:    Font shape `JT1/mc/m/n' will be
(Font)              scaled to size 7.68799pt on input line 904.
LaTeX Font Info:    Font shape `JY1/mc/m/n' will be
(Font)              scaled to size 7.68799pt on input line 904.
\c@part=\count166
\c@section=\count167
\c@subsection=\count168
\c@subsubsection=\count169
\c@paragraph=\count170
\c@subparagraph=\count171
\@abstractbox=\box61
\c@figure=\count172
\c@table=\count173
\abovecaptionskip=\skip48
\belowcaptionskip=\skip49
\jsc@tocl@width=\dimen153
\@lnumwidth=\dimen154
\bibindent=\dimen155
(/usr/share/texlive/texmf-dist/tex/platex/jsclasses/jslogo.sty
Package: jslogo 2019/07/25 okumura, texjporg
LaTeX Info: Redefining \TeX on input line 94.
LaTeX Info: Redefining \LaTeX on input line 147.
LaTeX Info: Redefining \LaTeXe on input line 200.
)
\heisei=\count174
) (/usr/share/texlive/texmf-dist/tex/latex/tocloft/tocloft.sty
Package: tocloft 2017/08/31 v2.3i parameterised ToC, etc., typesetting
Package tocloft Info: The document has section divisions on input line 51.
\cftparskip=\skip50
\cftbeforetoctitleskip=\skip51
\cftaftertoctitleskip=\skip52
\cftbeforepartskip=\skip53
\cftpartnumwidth=\skip54
\cftpartindent=\skip55
\cftbeforesecskip=\skip56
\cftsecindent=\skip57
\cftsecnumwidth=\skip58
\cftbeforesubsecskip=\skip59
\cftsubsecindent=\skip60
\cftsubsecnumwidth=\skip61
\cftbeforesubsubsecskip=\skip62
\cftsubsubsecindent=\skip63
\cftsubsubsecnumwidth=\skip64
\cftbeforeparaskip=\skip65
\cftparaindent=\skip66
\cftparanumwidth=\skip67
\cftbeforesubparaskip=\skip68
\cftsubparaindent=\skip69
\cftsubparanumwidth=\skip70
\cftbeforeloftitleskip=\skip71
\cftafterloftitleskip=\skip72
\cftbeforefigskip=\skip73
\cftfigindent=\skip74
\cftfignumwidth=\skip75
\c@lofdepth=\count175
\c@lotdepth=\count176
\cftbeforelottitleskip=\skip76
\cftafterlottitleskip=\skip77
\cftbeforetabskip=\skip78
\cfttabindent=\skip79
\cfttabnumwidth=\skip80
)) (/usr/share/texlive/texmf-dist/tex/latex/caption/subcaption.sty
Package: subcaption 2020/01/22 v1.3d Sub-captions (AR)
 (/usr/share/texlive/texmf-dist/tex/latex/caption/caption.sty
Package: caption 2020/01/03 v3.4h Customizing captions (AR)
 (/usr/share/texlive/texmf-dist/tex/latex/caption/caption3.sty
Package: caption3 2020/01/03 v1.8h caption3 kernel (AR)
Package caption3 Info: TeX engine: e-TeX on input line 61.
 (/usr/share/texlive/texmf-dist/tex/latex/graphics/keyval.sty
Package: keyval 2014/10/28 v1.15 key=value parser (DPC)
\KV@toks@=\toks15
)
\captionmargin=\dimen156
\captionmargin@=\dimen157
\captionwidth=\dimen158
\caption@tempdima=\dimen159
\caption@indent=\dimen160
\caption@parindent=\dimen161
\caption@hangindent=\dimen162
Package caption Info: Unknown document class (or package),
(caption)             standard defaults will be used.
Package caption Info: \@makecaption = \long macro:#1#2->{\small \advance \leftskip .0628\linewidth \advance \rightskip .0628\linewidth \vskip \abovecaptionskip \sbox \@tempboxa {#1\hskip 1zw\relax #2}\ifdim \wd \@tempboxa <\hsize \centering \fi #1{\hskip 1zw\relax }#2\par \vskip \belowcaptionskip } on input line 1082.
)

Package caption Warning: Unknown document class (or package),
(caption)                standard defaults will be used.
See the caption package documentation for explanation.

\c@caption@flags=\count177
\c@continuedfloat=\count178
)
\c@subfigure=\count179
\c@subtable=\count180
) (/usr/share/texlive/texmf-dist/tex/latex/tools/layout.sty
Package: layout 2014/10/28 v1.2c Show layout parameters
\oneinch=\count181
\cnt@paperwidth=\count182
\cnt@paperheight=\count183
\cnt@hoffset=\count184
\cnt@voffset=\count185
\cnt@textheight=\count186
\cnt@textwidth=\count187
\cnt@topmargin=\count188
\cnt@oddsidemargin=\count189
\cnt@evensidemargin=\count190
\cnt@headheight=\count191
\cnt@headsep=\count192
\cnt@marginparsep=\count193
\cnt@marginparwidth=\count194
\cnt@marginparpush=\count195
\cnt@footskip=\count196
\fheight=\count197
\ref@top=\count198
\ref@hoffset=\count199
\ref@voffset=\count266
\ref@head=\count267
\ref@body=\count268
\ref@foot=\count269
\ref@margin=\count270
\ref@marginwidth=\count271
\ref@marginpar=\count272
\Interval=\count273
\ExtraYPos=\count274
\PositionX=\count275
\PositionY=\count276
\ArrowLength=\count277
) (/usr/share/texlive/texmf-dist/tex/latex/amsmath/amsmath.sty
Package: amsmath 2020/01/20 v2.17e AMS math features
\@mathmargin=\skip81

For additional information on amsmath, use the `?' option.
(/usr/share/texlive/texmf-dist/tex/latex/amsmath/amstext.sty
Package: amstext 2000/06/29 v2.01 AMS text
 (/usr/share/texlive/texmf-dist/tex/latex/amsmath/amsgen.sty
File: amsgen.sty 1999/11/30 v2.0 generic functions
\@emptytoks=\toks16
\ex@=\dimen163
)) (/usr/share/texlive/texmf-dist/tex/latex/amsmath/amsbsy.sty
Package: amsbsy 1999/11/29 v1.2d Bold Symbols
\pmbraise@=\dimen164
) (/usr/share/texlive/texmf-dist/tex/latex/amsmath/amsopn.sty
Package: amsopn 2016/03/08 v2.02 operator names
)
\inf@bad=\count278
LaTeX Info: Redefining \frac on input line 227.
\uproot@=\count279
\leftroot@=\count280
LaTeX Info: Redefining \overline on input line 389.
\classnum@=\count281
\DOTSCASE@=\count282
LaTeX Info: Redefining \ldots on input line 486.
LaTeX Info: Redefining \dots on input line 489.
LaTeX Info: Redefining \cdots on input line 610.
\Mathstrutbox@=\box62
\strutbox@=\box63
\big@size=\dimen165
LaTeX Font Info:    Redeclaring font encoding OML on input line 733.
LaTeX Font Info:    Redeclaring font encoding OMS on input line 734.
\macc@depth=\count283
\c@MaxMatrixCols=\count284
\dotsspace@=\muskip16
\c@parentequation=\count285
\dspbrk@lvl=\count286
\tag@help=\toks17
\row@=\count287
\column@=\count288
\maxfields@=\count289
\andhelp@=\toks18
\eqnshift@=\dimen166
\alignsep@=\dimen167
\tagshift@=\dimen168
\tagwidth@=\dimen169
\totwidth@=\dimen170
\lineht@=\dimen171
\@envbody=\toks19
\multlinegap=\skip82
\multlinetaggap=\skip83
\mathdisplay@stack=\toks20
LaTeX Info: Redefining \[ on input line 2859.
LaTeX Info: Redefining \] on input line 2860.
) (/usr/share/texlive/texmf-dist/tex/latex/amsfonts/amssymb.sty
Package: amssymb 2013/01/14 v3.01 AMS font symbols
 (/usr/share/texlive/texmf-dist/tex/latex/amsfonts/amsfonts.sty
Package: amsfonts 2013/01/14 v3.01 Basic AMSFonts support
\symAMSa=\mathgroup5
\symAMSb=\mathgroup6
LaTeX Font Info:    Redeclaring math symbol \hbar on input line 98.
LaTeX Font Info:    Overwriting math alphabet `\mathfrak' in version `bold'
(Font)                  U/euf/m/n --> U/euf/b/n on input line 106.
)) (/usr/share/texlive/texmf-dist/tex/latex/tools/enumerate.sty
Package: enumerate 2015/07/23 v3.00 enumerate extensions (DPC)
\@enLab=\toks21
) (/usr/share/texlive/texmf-dist/tex/latex/graphics/graphicx.sty
Package: graphicx 2019/11/30 v1.2a Enhanced LaTeX Graphics (DPC,SPQR)
 (/usr/share/texlive/texmf-dist/tex/latex/graphics/graphics.sty
Package: graphics 2019/11/30 v1.4a Standard LaTeX Graphics (DPC,SPQR)
 (/usr/share/texlive/texmf-dist/tex/latex/graphics/trig.sty
Package: trig 2016/01/03 v1.10 sin cos tan (DPC)
) (/usr/share/texlive/texmf-dist/tex/latex/graphics-cfg/graphics.cfg
File: graphics.cfg 2016/06/04 v1.11 sample graphics configuration
)
Package graphics Info: Driver file: dvipdfmx.def on input line 105.
 (/usr/share/texlive/texmf-dist/tex/latex/graphics-def/dvipdfmx.def
File: dvipdfmx.def 2017/06/24 v5.0g Graphics/color driver for dvipdfmx
))
\Gin@req@height=\dimen172
\Gin@req@width=\dimen173
) (/usr/share/texlive/texmf-dist/tex/latex/here/here.sty) (/usr/share/texlive/texmf-dist/tex/latex/float/float.sty
Package: float 2001/11/08 v1.3d Float enhancements (AL)
\c@float@type=\count290
\float@exts=\toks22
\float@box=\box64
\@float@everytoks=\toks23
\@floatcapt=\box65
) (/usr/share/texlive/texmf-dist/tex/latex/carlisle/scalefnt.sty) (/usr/share/texlive/texmf-dist/tex/latex/tools/multicol.sty
Package: multicol 2019/12/09 v1.8y multicolumn formatting (FMi)
\c@tracingmulticols=\count291
\mult@box=\box66
\multicol@leftmargin=\dimen174
\c@unbalance=\count292
\c@collectmore=\count293
\doublecol@number=\count294
\multicoltolerance=\count295
\multicolpretolerance=\count296
\full@width=\dimen175
\page@free=\dimen176
\premulticols=\dimen177
\postmulticols=\dimen178
\multicolsep=\skip84
\multicolbaselineskip=\skip85
\partial@page=\box67
\last@line=\box68
\maxbalancingoverflow=\dimen179
\mult@rightbox=\box69
\mult@grightbox=\box70
\mult@gfirstbox=\box71
\mult@firstbox=\box72
\@tempa=\box73
\@tempa=\box74
\@tempa=\box75
\@tempa=\box76
\@tempa=\box77
\@tempa=\box78
\@tempa=\box79
\@tempa=\box80
\@tempa=\box81
\@tempa=\box82
\@tempa=\box83
\@tempa=\box84
\@tempa=\box85
\@tempa=\box86
\@tempa=\box87
\@tempa=\box88
\@tempa=\box89
\@tempa=\box90
\@tempa=\box91
\@tempa=\box92
\@tempa=\box93
\@tempa=\box94
\@tempa=\box95
\@tempa=\box96
\@tempa=\box97
\@tempa=\box98
\@tempa=\box99
\@tempa=\box100
\@tempa=\box101
\@tempa=\box102
\@tempa=\box103
\@tempa=\box104
\@tempa=\box105
\@tempa=\box106
\@tempa=\box107
\@tempa=\box108
\@tempa=\box109
\c@minrows=\count297
\c@columnbadness=\count298
\c@finalcolumnbadness=\count299
\last@try=\dimen180
\multicolovershoot=\dimen181
\multicolundershoot=\dimen182
\mult@nat@firstbox=\box110
\colbreak@box=\box111
\mc@col@check@num=\count300
) (/usr/share/texlive/texmf-dist/tex/latex/l3backend/l3backend-dvips.def
File: l3backend-dvips.def 2020-02-03 L3 backend support: dvips
\l__pdf_internal_box=\box112
\g__pdf_backend_object_int=\count301
\l__pdf_backend_content_box=\box113
\l__pdf_backend_model_box=\box114
\g__pdf_backend_annotation_int=\count302
\g__pdf_backend_link_int=\count303
\g__pdf_backend_link_sf_int=\count304
) (./0_Master.aux)
\openout1 = `0_Master.aux'.

LaTeX Font Info:    Checking defaults for OML/cmm/m/it on input line 46.
LaTeX Font Info:    ... okay on input line 46.
LaTeX Font Info:    Checking defaults for OMS/cmsy/m/n on input line 46.
LaTeX Font Info:    ... okay on input line 46.
LaTeX Font Info:    Checking defaults for OT1/cmr/m/n on input line 46.
LaTeX Font Info:    ... okay on input line 46.
LaTeX Font Info:    Checking defaults for T1/cmr/m/n on input line 46.
LaTeX Font Info:    ... okay on input line 46.
LaTeX Font Info:    Checking defaults for TS1/cmr/m/n on input line 46.
LaTeX Font Info:    ... okay on input line 46.
LaTeX Font Info:    Checking defaults for OMX/cmex/m/n on input line 46.
LaTeX Font Info:    ... okay on input line 46.
LaTeX Font Info:    Checking defaults for U/cmr/m/n on input line 46.
LaTeX Font Info:    ... okay on input line 46.
LaTeX Font Info:    Checking defaults for JY1/mc/m/n on input line 46.
LaTeX Font Info:    ... okay on input line 46.
LaTeX Font Info:    Checking defaults for JT1/mc/m/n on input line 46.
LaTeX Font Info:    ... okay on input line 46.
Package caption Info: Begin \AtBeginDocument code.
Package caption Info: float package is loaded.
Package caption Info: End \AtBeginDocument code.
 (./Section/1_Introduction.tex
LaTeX Font Info:    Font shape `JT1/mc/m/n' will be
(Font)              scaled to size 16.60605pt on input line 2.
LaTeX Font Info:    Font shape `JY1/mc/m/n' will be
(Font)              scaled to size 16.60605pt on input line 2.
LaTeX Font Info:    Font shape `JT1/mc/m/n' will be
(Font)              scaled to size 11.53198pt on input line 2.
LaTeX Font Info:    Font shape `JY1/mc/m/n' will be
(Font)              scaled to size 11.53198pt on input line 2.
LaTeX Font Info:    Font shape `JY1/mc/m/n' will be
(Font)              scaled to size 5.76599pt on input line 2.
LaTeX Font Info:    Trying to load font information for U+msa on input line 2.
 (/usr/share/texlive/texmf-dist/tex/latex/amsfonts/umsa.fd
File: umsa.fd 2013/01/14 v3.01 AMS symbols A
)
LaTeX Font Info:    Trying to load font information for U+msb on input line 2.
 (/usr/share/texlive/texmf-dist/tex/latex/amsfonts/umsb.fd
File: umsb.fd 2013/01/14 v3.01 AMS symbols B
)
LaTeX Font Info:    Font shape `JT1/mc/m/n' will be
(Font)              scaled to size 23.90964pt on input line 2.
LaTeX Font Info:    Font shape `JY1/mc/m/n' will be
(Font)              scaled to size 23.90964pt on input line 2.
LaTeX Font Info:    Font shape `JT1/gt/m/n' will be
(Font)              scaled to size 23.90964pt on input line 2.
LaTeX Font Info:    Font shape `JY1/gt/m/n' will be
(Font)              scaled to size 23.90964pt on input line 2.
LaTeX Font Info:    Font shape `JT1/gt/m/n' will be
(Font)              scaled to size 16.60605pt on input line 2.
LaTeX Font Info:    Font shape `JY1/gt/m/n' will be
(Font)              scaled to size 16.60605pt on input line 2.
LaTeX Font Info:    Font shape `JY1/mc/m/n' will be
(Font)              scaled to size 6.72699pt on input line 2.
LaTeX Font Info:    Font shape `JY1/mc/m/n' will be
(Font)              scaled to size 4.805pt on input line 2.
LaTeX Font Info:    Font shape `JT1/mc/m/n' will be
(Font)              scaled to size 13.83836pt on input line 2.
LaTeX Font Info:    Font shape `JY1/mc/m/n' will be
(Font)              scaled to size 13.83836pt on input line 2.
LaTeX Font Info:    Font shape `JT1/mc/b/n' in size <17.28> not available
(Font)              Font shape `JT1/mc/bx/n' tried instead on input line 2.
LaTeX Font Info:    Font shape `JT1/mc/bx/n' in size <17.28> not available
(Font)              Font shape `JT1/gt/m/n' tried instead on input line 2.
LaTeX Font Info:    Font shape `JT1/gt/m/n' will be
(Font)              scaled to size 16.60605pt on input line 2.
LaTeX Font Info:    Font shape `JY1/mc/b/n' in size <17.28> not available
(Font)              Font shape `JY1/mc/bx/n' tried instead on input line 2.
LaTeX Font Info:    Font shape `JY1/mc/bx/n' in size <17.28> not available
(Font)              Font shape `JY1/gt/m/n' tried instead on input line 2.
LaTeX Font Info:    Font shape `JY1/gt/m/n' will be
(Font)              scaled to size 16.60605pt on input line 2.
 [1

]
LaTeX Font Info:    Font shape `JT1/gt/m/n' will be
(Font)              scaled to size 13.83836pt on input line 3.
LaTeX Font Info:    Font shape `JY1/gt/m/n' will be
(Font)              scaled to size 13.83836pt on input line 3.
 [1]
LaTeX Font Info:    Font shape `JT1/mc/b/n' in size <14.4> not available
(Font)              Font shape `JT1/mc/bx/n' tried instead on input line 16.
LaTeX Font Info:    Font shape `JT1/mc/bx/n' in size <14.4> not available
(Font)              Font shape `JT1/gt/m/n' tried instead on input line 16.
LaTeX Font Info:    Font shape `JT1/gt/m/n' will be
(Font)              scaled to size 13.83836pt on input line 16.
LaTeX Font Info:    Font shape `JY1/mc/b/n' in size <14.4> not available
(Font)              Font shape `JY1/mc/bx/n' tried instead on input line 16.
LaTeX Font Info:    Font shape `JY1/mc/bx/n' in size <14.4> not available
(Font)              Font shape `JY1/gt/m/n' tried instead on input line 16.
LaTeX Font Info:    Font shape `JY1/gt/m/n' will be
(Font)              scaled to size 13.83836pt on input line 16.
 (./0_Master.toc
LaTeX Font Info:    Font shape `JT1/gt/m/n' will be
(Font)              scaled to size 9.60999pt on input line 46.
LaTeX Font Info:    Font shape `JY1/gt/m/n' will be
(Font)              scaled to size 9.60999pt on input line 46.
)
\tf@toc=\write3
\openout3 = `0_Master.toc'.

 [2]
LaTeX Font Info:    Font shape `JT1/mc/m/n' will be
(Font)              scaled to size 6.72699pt on input line 58.
 [3] [4]) [5] (./Section/2_Experimental_device.tex
LaTeX Font Info:    Font shape `JT1/gt/m/n' will be
(Font)              scaled to size 11.53198pt on input line 3.
LaTeX Font Info:    Font shape `JY1/gt/m/n' will be
(Font)              scaled to size 11.53198pt on input line 3.
File: images/21-1.png Graphic file (type bmp)
<images/21-1.png>

Overfull \hbox (5.69229pt too wide) in paragraph at lines 9--10
 [][] 
 []

LaTeX Font Info:    Font shape `JT1/mc/m/n' will be
(Font)              scaled to size 8.64899pt on input line 10.
LaTeX Font Info:    Font shape `JY1/mc/m/n' will be
(Font)              scaled to size 8.64899pt on input line 10.
File: images/21-2.png Graphic file (type bmp)
<images/21-2.png>
File: images/21-3.png Graphic file (type bmp)
<images/21-3.png>
[6]
File: images/22-1.png Graphic file (type bmp)
<images/22-1.png>
File: images/22-2.png Graphic file (type bmp)
<images/22-2.png>
 [7]
File: images/22-3.png Graphic file (type bmp)
<images/22-3.png>
File: images/22-4.png Graphic file (type bmp)
<images/22-4.png>
 [8]
File: images/22-5.png Graphic file (type bmp)
<images/22-5.png>
File: images/22-6.png Graphic file (type bmp)
<images/22-6.png>
) [9] (./Section/3_Correction_theory.tex
File: images/31-1.png Graphic file (type bmp)
<images/31-1.png>
 [10]
File: images/33-1.png Graphic file (type bmp)
<images/33-1.png>
 [11] [12]
File: images/33-2.png Graphic file (type bmp)
<images/33-2.png>
LaTeX Font Info:    Font shape `JY1/gt/m/n' will be
(Font)              scaled to size 6.72699pt on input line 155.
LaTeX Font Info:    Font shape `JY1/gt/m/n' will be
(Font)              scaled to size 4.805pt on input line 155.
 [13] [14]
File: ../../02_workspace/result/rotation_tx=15.0_ty=20.0/plot/20/20_adjust-value.png Graphic file (type bmp)
<../../02_workspace/result/rotation_tx=15.0_ty=20.0/plot/20/20_adjust-value.png>
 [15]
File: ../../02_workspace/result/rotation_tx=15.0_ty=20.0/plot/07/07-3_dft-drag.png Graphic file (type bmp)
<../../02_workspace/result/rotation_tx=15.0_ty=20.0/plot/07/07-3_dft-drag.png>

Overfull \hbox (3.55783pt too wide) in paragraph at lines 258--259
 [][] 
 []

File: ../../02_workspace/result/rotation_tx=15.0_ty=20.0/plot/07/07-4_dft-lift.png Graphic file (type bmp)
<../../02_workspace/result/rotation_tx=15.0_ty=20.0/plot/07/07-4_dft-lift.png>

Overfull \hbox (3.55783pt too wide) in paragraph at lines 263--264
 [][] 
 []

[16]
File: ../../02_workspace/result/rotation_tx=15.0_ty=20.0/plot/21/21-4_corrected_angle_drag.png Graphic file (type bmp)
<../../02_workspace/result/rotation_tx=15.0_ty=20.0/plot/21/21-4_corrected_angle_drag.png>
File: ../../02_workspace/result/rotation_tx=15.0_ty=20.0/plot/21/21-4_corrected_angle_lift.png Graphic file (type bmp)
<../../02_workspace/result/rotation_tx=15.0_ty=20.0/plot/21/21-4_corrected_angle_lift.png>
 [17] [18]
File: ../../02_workspace/result/rotation_tx=-15.0_ty=-20.0/plot/20/20_adjust-value.png Graphic file (type bmp)
<../../02_workspace/result/rotation_tx=-15.0_ty=-20.0/plot/20/20_adjust-value.png>

Overfull \hbox (3.55783pt too wide) in paragraph at lines 356--357
 [][] 
 []

File: ../../02_workspace/result/rotation_tx=-15.0_ty=-20.0/plot/21/21-4_summary.png Graphic file (type bmp)
<../../02_workspace/result/rotation_tx=-15.0_ty=-20.0/plot/21/21-4_summary.png>

Overfull \hbox (3.55783pt too wide) in paragraph at lines 361--362
 [][] 
 []

File: ../../02_workspace/result/rotation_tx=90.0_ty=-90.0/plot/20/20_adjust-value.png Graphic file (type bmp)
<../../02_workspace/result/rotation_tx=90.0_ty=-90.0/plot/20/20_adjust-value.png>

Overfull \hbox (3.55783pt too wide) in paragraph at lines 372--373
 [][] 
 []

File: ../../02_workspace/result/rotation_tx=90.0_ty=-90.0/plot/21/21-4_summary.png Graphic file (type bmp)
<../../02_workspace/result/rotation_tx=90.0_ty=-90.0/plot/21/21-4_summary.png>

Overfull \hbox (3.55783pt too wide) in paragraph at lines 377--378
 [][] 
 []

[19]
File: images/34-1.png Graphic file (type bmp)
<images/34-1.png>
 [20] [21] [22]
File: ../../02_workspace/result/offset_dx=5.0_dy=0.0/plot/20/20_adjust-value.png Graphic file (type bmp)
<../../02_workspace/result/offset_dx=5.0_dy=0.0/plot/20/20_adjust-value.png>
 [23] [24]
File: ../../02_workspace/result/offset_dx=5.0_dy=0.0/plot/21/21-2_summary_offset.png Graphic file (type bmp)
<../../02_workspace/result/offset_dx=5.0_dy=0.0/plot/21/21-2_summary_offset.png>
File: ../../02_workspace/result/offset_dx=5.0_dy=-5.0/plot/20/20_adjust-value.png Graphic file (type bmp)
<../../02_workspace/result/offset_dx=5.0_dy=-5.0/plot/20/20_adjust-value.png>

Overfull \hbox (3.55783pt too wide) in paragraph at lines 600--601
 [][] 
 []

File: ../../02_workspace/result/offset_dx=5.0_dy=-5.0/plot/21/21-2_summary_offset.png Graphic file (type bmp)
<../../02_workspace/result/offset_dx=5.0_dy=-5.0/plot/21/21-2_summary_offset.png>

Overfull \hbox (3.55783pt too wide) in paragraph at lines 605--606
 [][] 
 []

[25]
File: ../../02_workspace/result/offset_dx=10.0_dy=-5.0/plot/20/20_adjust-value.png Graphic file (type bmp)
<../../02_workspace/result/offset_dx=10.0_dy=-5.0/plot/20/20_adjust-value.png>

Overfull \hbox (3.55783pt too wide) in paragraph at lines 617--618
 [][] 
 []

File: ../../02_workspace/result/offset_dx=10.0_dy=-5.0/plot/21/21-2_summary_offset.png Graphic file (type bmp)
<../../02_workspace/result/offset_dx=10.0_dy=-5.0/plot/21/21-2_summary_offset.png>

Overfull \hbox (3.55783pt too wide) in paragraph at lines 622--623
 [][] 
 []

[26] [27]
File: ../../02_workspace/result/simulation_tx=10.0_ty=-5.0_dx=5.00_dy=-2.50/plot/20/20_adjust-value.png Graphic file (type bmp)
<../../02_workspace/result/simulation_tx=10.0_ty=-5.0_dx=5.00_dy=-2.50/plot/20/20_adjust-value.png>
File: ../../02_workspace/result/simulation_tx=10.0_ty=-5.0_dx=5.00_dy=-2.50/plot/21/21-2_summary_offset.png Graphic file (type bmp)
<../../02_workspace/result/simulation_tx=10.0_ty=-5.0_dx=5.00_dy=-2.50/plot/21/21-2_summary_offset.png>
 [28]
File: ../../02_workspace/result/simulation_tx=10.0_ty=-5.0_dx=5.00_dy=-2.50/plot/21/21-3_summary_interpolated.png Graphic file (type bmp)
<../../02_workspace/result/simulation_tx=10.0_ty=-5.0_dx=5.00_dy=-2.50/plot/21/21-3_summary_interpolated.png>
File: ../../02_workspace/result/simulation_tx=10.0_ty=-5.0_dx=5.00_dy=-2.50/plot/07/07-3_dft-drag.png Graphic file (type bmp)
<../../02_workspace/result/simulation_tx=10.0_ty=-5.0_dx=5.00_dy=-2.50/plot/07/07-3_dft-drag.png>

Overfull \hbox (3.55783pt too wide) in paragraph at lines 737--738
 [][] 
 []

File: ../../02_workspace/result/simulation_tx=10.0_ty=-5.0_dx=5.00_dy=-2.50/plot/07/07-4_dft-lift.png Graphic file (type bmp)
<../../02_workspace/result/simulation_tx=10.0_ty=-5.0_dx=5.00_dy=-2.50/plot/07/07-4_dft-lift.png>

Overfull \hbox (3.55783pt too wide) in paragraph at lines 742--743
 [][] 
 []

[29]
File: ../../02_workspace/result/simulation_tx=10.0_ty=-5.0_dx=5.00_dy=-2.50/plot/21/21-4_summary.png Graphic file (type bmp)
<../../02_workspace/result/simulation_tx=10.0_ty=-5.0_dx=5.00_dy=-2.50/plot/21/21-4_summary.png>
 [30]
File: ../../02_workspace/result/simulation_tx=10.0_ty=-5.0_dx=5.00_dy=-2.50/plot/09/09_summary-outputvoltage-net.png Graphic file (type bmp)
<../../02_workspace/result/simulation_tx=10.0_ty=-5.0_dx=5.00_dy=-2.50/plot/09/09_summary-outputvoltage-net.png>
 [31]) (./Section/4_Basic_experiment.tex
File: ../../02_workspace/result/2-1/plot/01-3_allsensors/01_allsensors_0.png Graphic file (type bmp)
<../../02_workspace/result/2-1/plot/01-3_allsensors/01_allsensors_0.png>

Overfull \hbox (3.55783pt too wide) in paragraph at lines 54--55
 [][] 
 []

File: ../../02_workspace/result/2-1/plot/01-3_allsensors/01_allsensors_300.png Graphic file (type bmp)
<../../02_workspace/result/2-1/plot/01-3_allsensors/01_allsensors_300.png>

Overfull \hbox (3.55783pt too wide) in paragraph at lines 59--60
 [][] 
 []

File: ../../02_workspace/result/2-1/plot/01-3_allsensors/01_allsensors_450.png Graphic file (type bmp)
<../../02_workspace/result/2-1/plot/01-3_allsensors/01_allsensors_450.png>

Overfull \hbox (3.55783pt too wide) in paragraph at lines 64--65
 [][] 
 []

File: ../../02_workspace/result/2-1/plot/01-3_allsensors/01_allsensors_600.png Graphic file (type bmp)
<../../02_workspace/result/2-1/plot/01-3_allsensors/01_allsensors_600.png>

Overfull \hbox (3.55783pt too wide) in paragraph at lines 69--70
 [][] 
 []

File: ../../02_workspace/result/2-1/plot/01-3_allsensors/01_allsensors_900.png Graphic file (type bmp)
<../../02_workspace/result/2-1/plot/01-3_allsensors/01_allsensors_900.png>

Overfull \hbox (3.55783pt too wide) in paragraph at lines 74--75
 [][] 
 []

File: ../../02_workspace/result/2-1/plot/01-3_allsensors/01_allsensors_1800.png Graphic file (type bmp)
<../../02_workspace/result/2-1/plot/01-3_allsensors/01_allsensors_1800.png>

Overfull \hbox (3.55783pt too wide) in paragraph at lines 79--80
 [][] 
 []

[32] [33]
File: ../../02_workspace/result/2-1/plot/01-1_loadcell/01_loadcell_0.png Graphic file (type bmp)
<../../02_workspace/result/2-1/plot/01-1_loadcell/01_loadcell_0.png>
 [34]
File: ../../02_workspace/result/2-1/plot/02-1_loadcell/02_loadcell-drift_0.png Graphic file (type bmp)
<../../02_workspace/result/2-1/plot/02-1_loadcell/02_loadcell-drift_0.png>
 [35]
File: ../../02_workspace/result/2-1/plot/02-2_drag/02_drag-drift_0.png Graphic file (type bmp)
<../../02_workspace/result/2-1/plot/02-2_drag/02_drag-drift_0.png>

Overfull \hbox (3.55783pt too wide) in paragraph at lines 306--307
 [][] 
 []

File: ../../02_workspace/result/2-1/plot/02-3_lift/02_lift-drift_0.png Graphic file (type bmp)
<../../02_workspace/result/2-1/plot/02-3_lift/02_lift-drift_0.png>

Overfull \hbox (3.55783pt too wide) in paragraph at lines 311--312
 [][] 
 []

[36]
File: ../../02_workspace/result/2-1/plot/03-1_loadcell/03_loadcell_average_0.png Graphic file (type bmp)
<../../02_workspace/result/2-1/plot/03-1_loadcell/03_loadcell_average_0.png>
File: ../../02_workspace/result/2-1/plot/03-2_drag/03_drag_average_0.png Graphic file (type bmp)
<../../02_workspace/result/2-1/plot/03-2_drag/03_drag_average_0.png>

Overfull \hbox (3.55783pt too wide) in paragraph at lines 341--342
 [][] 
 []

File: ../../02_workspace/result/2-1/plot/03-3_lift/03_lift_average_0.png Graphic file (type bmp)
<../../02_workspace/result/2-1/plot/03-3_lift/03_lift_average_0.png>

Overfull \hbox (3.55783pt too wide) in paragraph at lines 346--347
 [][] 
 []

[37]
File: ../../02_workspace/result/2-1/plot/04/04_linear_0.png Graphic file (type bmp)
<../../02_workspace/result/2-1/plot/04/04_linear_0.png>

Overfull \hbox (3.55783pt too wide) in paragraph at lines 363--364
 [][] 
 []

File: ../../02_workspace/result/2-1/plot/04/04_linear_300.png Graphic file (type bmp)
<../../02_workspace/result/2-1/plot/04/04_linear_300.png>

Overfull \hbox (3.55783pt too wide) in paragraph at lines 368--369
 [][] 
 []

File: ../../02_workspace/result/2-1/plot/04/04_linear_450.png Graphic file (type bmp)
<../../02_workspace/result/2-1/plot/04/04_linear_450.png>

Overfull \hbox (3.55783pt too wide) in paragraph at lines 373--374
 [][] 
 []

File: ../../02_workspace/result/2-1/plot/04/04_linear_600.png Graphic file (type bmp)
<../../02_workspace/result/2-1/plot/04/04_linear_600.png>

Overfull \hbox (3.55783pt too wide) in paragraph at lines 378--379
 [][] 
 []

File: ../../02_workspace/result/2-1/plot/04/04_linear_900.png Graphic file (type bmp)
<../../02_workspace/result/2-1/plot/04/04_linear_900.png>

Overfull \hbox (3.55783pt too wide) in paragraph at lines 383--384
 [][] 
 []

File: ../../02_workspace/result/2-1/plot/04/04_linear_1800.png Graphic file (type bmp)
<../../02_workspace/result/2-1/plot/04/04_linear_1800.png>

Overfull \hbox (3.55783pt too wide) in paragraph at lines 388--389
 [][] 
 []

[38]
File: ../../02_workspace/result/2-ex/plot/21/21-1_summary_drag.png Graphic file (type bmp)
<../../02_workspace/result/2-ex/plot/21/21-1_summary_drag.png>
File: ../../02_workspace/result/2-ex/plot/21/21-1_summary_lift.png Graphic file (type bmp)
<../../02_workspace/result/2-ex/plot/21/21-1_summary_lift.png>
 [39]
File: ../../02_workspace/result/2-ex/plot/21/21-2_corrected_offset_drag.png Graphic file (type bmp)
<../../02_workspace/result/2-ex/plot/21/21-2_corrected_offset_drag.png>
File: ../../02_workspace/result/2-ex/plot/21/21-2_corrected_offset_lift.png Graphic file (type bmp)
<../../02_workspace/result/2-ex/plot/21/21-2_corrected_offset_lift.png>
LaTeX Font Info:    Font shape `JT1/mc/m/n' will be
(Font)              scaled to size 8.64893pt on input line 563.
LaTeX Font Info:    Font shape `JY1/mc/m/n' will be
(Font)              scaled to size 8.64893pt on input line 563.
LaTeX Font Info:    Calculating math sizes for size <8.99994> on input line 566.


LaTeX Font Warning: Font shape `OT1/cmr/m/n' in size <4.49997> not available
(Font)              size <5> substituted on input line 566.


LaTeX Font Warning: Font shape `OML/cmm/m/it' in size <4.49997> not available
(Font)              size <5> substituted on input line 566.


LaTeX Font Warning: Font shape `OMS/cmsy/m/n' in size <4.49997> not available
(Font)              size <5> substituted on input line 566.

LaTeX Font Info:    Font shape `JY1/mc/m/n' will be
(Font)              scaled to size 6.05421pt on input line 566.
LaTeX Font Info:    Font shape `JY1/mc/m/n' will be
(Font)              scaled to size 4.32446pt on input line 566.
[40] [41]
File: ../../02_workspace/result/2-ex/plot/21/21-3_interpolated_drag.png Graphic file (type bmp)
<../../02_workspace/result/2-ex/plot/21/21-3_interpolated_drag.png>
File: ../../02_workspace/result/2-ex/plot/21/21-3_interpolated_lift.png Graphic file (type bmp)
<../../02_workspace/result/2-ex/plot/21/21-3_interpolated_lift.png>
 [42]
File: ../../02_workspace/result/2-ex/plot/07/07-3_dft-drag.png Graphic file (type bmp)
<../../02_workspace/result/2-ex/plot/07/07-3_dft-drag.png>

Overfull \hbox (3.55783pt too wide) in paragraph at lines 600--601
 [][] 
 []

File: ../../02_workspace/result/2-ex/plot/07/07-4_dft-lift.png Graphic file (type bmp)
<../../02_workspace/result/2-ex/plot/07/07-4_dft-lift.png>

Overfull \hbox (3.55783pt too wide) in paragraph at lines 605--606
 [][] 
 []

[43]
File: ../../02_workspace/result/2-ex/plot/21/21-4_corrected_angle_drag.png Graphic file (type bmp)
<../../02_workspace/result/2-ex/plot/21/21-4_corrected_angle_drag.png>
File: ../../02_workspace/result/2-ex/plot/21/21-4_corrected_angle_lift.png Graphic file (type bmp)
<../../02_workspace/result/2-ex/plot/21/21-4_corrected_angle_lift.png>
 [44] [45]
File: ../../02_workspace/result/2-ex/plot/09/09_summary-outputvoltage-net.png Graphic file (type bmp)
<../../02_workspace/result/2-ex/plot/09/09_summary-outputvoltage-net.png>
 [46] [47]) [48] (./Section/5_conclusion.tex) [49] [50] (./0_Master.bbl) [51] (./0_Master.aux)

LaTeX Font Warning: Size substitutions with differences
(Font)              up to 0.50003pt have occurred.

 ) 
Here is how much of TeX's memory you used:
 4278 strings out of 481768
 75728 string characters out of 5933619
 316335 words of memory out of 5000000
 19521 multiletter control sequences out of 15000+600000
 556308 words of font info for 135 fonts, out of 8000000 for 9000
 934 hyphenation exceptions out of 8191
 48i,14n,46p,444b,608s stack positions out of 5000i,500n,10000p,200000b,80000s

Output written on 0_Master.dvi (52 pages, 134008 bytes).
