\BOOKMARK [1][-]{section.1}{校正実験の再実施}{}% 1
\BOOKMARK [2][-]{subsection.1.1}{校正実験\(1\) ロードセルと荷重の関係}{section.1}% 2
\BOOKMARK [2][-]{subsection.1.2}{校正実験\(2\) ロードセルとひずみセンサの関係}{section.1}% 3
\BOOKMARK [2][-]{subsection.1.3}{再実施結果：抗力}{section.1}% 4
\BOOKMARK [2][-]{subsection.1.4}{再実施結果：揚力}{section.1}% 5
\BOOKMARK [2][-]{subsection.1.5}{結果分析}{section.1}% 6
\BOOKMARK [1][-]{section.2}{オフセット値の考慮}{}% 7
\BOOKMARK [2][-]{subsection.2.1}{オフセット値の算出}{section.2}% 8
\BOOKMARK [2][-]{subsection.2.2}{オフセット値の適用}{section.2}% 9
\BOOKMARK [2][-]{subsection.2.3}{校正実験結果を用いた換算式の算出}{section.2}% 10
\BOOKMARK [1][-]{section.3}{卒業研究について}{}% 11
\BOOKMARK [2][-]{subsection.3.1}{研究目的}{section.3}% 12
\BOOKMARK [2][-]{subsection.3.2}{研究方針}{section.3}% 13
\BOOKMARK [2][-]{subsection.3.3}{比較実験の対象}{section.3}% 14
\BOOKMARK [2][-]{subsection.3.4}{比較形状寸法の算出}{section.3}% 15
\BOOKMARK [3][-]{subsubsection.3.4.1}{算出結果}{subsection.3.4}% 16
\BOOKMARK [3][-]{subsubsection.3.4.2}{算出過程}{subsection.3.4}% 17
\BOOKMARK [1][-]{section.4}{実験装置の製作}{}% 18
\BOOKMARK [1][-]{section.5}{実験結果}{}% 19
\BOOKMARK [1][-]{section.6}{今月の進捗と12月の予定}{}% 20
