\BOOKMARK [1][-]{section.1}{進捗状況}{}% 1
\BOOKMARK [1][-]{section.2}{実験装置の製作}{}% 2
\BOOKMARK [1][-]{section.3}{実験の実施と結果}{}% 3
\BOOKMARK [2][-]{subsection.3.1}{実験条件}{section.3}% 4
\BOOKMARK [2][-]{subsection.3.2}{実験結果}{section.3}% 5
\BOOKMARK [2][-]{subsection.3.3}{出力電圧勾配による評価}{section.3}% 6
\BOOKMARK [1][-]{section.4}{補正理論と適用結果}{}% 7
\BOOKMARK [2][-]{subsection.4.1}{作用力測定装置と校正実験装置の関係}{section.4}% 8
\BOOKMARK [2][-]{subsection.4.2}{座標系の回転における補正理論}{section.4}% 9
\BOOKMARK [3][-]{subsubsection.4.2.1}{回転角x，yの算出}{subsection.4.2}% 10
\BOOKMARK [3][-]{subsubsection.4.2.2}{出力電圧勾配の座標変換}{subsection.4.2}% 11
\BOOKMARK [2][-]{subsection.4.3}{座標系のオフセットにおける補正理論}{section.4}% 12
\BOOKMARK [3][-]{subsubsection.4.3.1}{角度の算出}{subsection.4.3}% 13
\BOOKMARK [3][-]{subsubsection.4.3.2}{作用力Fの分解}{subsection.4.3}% 14
\BOOKMARK [3][-]{subsubsection.4.3.3}{出力電圧勾配の座標系変換 \(2\)}{subsection.4.3}% 15
\BOOKMARK [2][-]{subsection.4.4}{複合状態における補正理論}{section.4}% 16
\BOOKMARK [3][-]{subsubsection.4.4.1}{補正理論の適用順序}{subsection.4.4}% 17
\BOOKMARK [3][-]{subsubsection.4.4.2}{ラグランジュ補間}{subsection.4.4}% 18
\BOOKMARK [3][-]{subsubsection.4.4.3}{使用するデータの選択}{subsection.4.4}% 19
\BOOKMARK [3][-]{subsubsection.4.4.4}{テストデータへの適用 \(3\)}{subsection.4.4}% 20
\BOOKMARK [2][-]{subsection.4.5}{実験結果の適用}{section.4}% 21
\BOOKMARK [1][-]{section.5}{今月のまとめと今後の予定}{}% 22
